Determining if the pthread_create exist failed with the following output:
Change Dir: /home/toby/BipedRobot2019/ros/build/CMakeFiles/CMakeTmp

Run Build Command:"/usr/bin/make" "cmTC_cb9c0/fast"
/usr/bin/make -f CMakeFiles/cmTC_cb9c0.dir/build.make CMakeFiles/cmTC_cb9c0.dir/build
make[1]: Entering directory '/home/toby/BipedRobot2019/ros/build/CMakeFiles/CMakeTmp'
Building C object CMakeFiles/cmTC_cb9c0.dir/CheckSymbolExists.c.o
/usr/bin/cc     -o CMakeFiles/cmTC_cb9c0.dir/CheckSymbolExists.c.o   -c /home/toby/BipedRobot2019/ros/build/CMakeFiles/CMakeTmp/CheckSymbolExists.c
Linking C executable cmTC_cb9c0
/usr/bin/cmake -E cmake_link_script CMakeFiles/cmTC_cb9c0.dir/link.txt --verbose=1
/usr/bin/cc       CMakeFiles/cmTC_cb9c0.dir/CheckSymbolExists.c.o  -o cmTC_cb9c0 -rdynamic 
CMakeFiles/cmTC_cb9c0.dir/CheckSymbolExists.c.o: In function `main':
CheckSymbolExists.c:(.text+0x16): undefined reference to `pthread_create'
collect2: error: ld returned 1 exit status
CMakeFiles/cmTC_cb9c0.dir/build.make:97: recipe for target 'cmTC_cb9c0' failed
make[1]: *** [cmTC_cb9c0] Error 1
make[1]: Leaving directory '/home/toby/BipedRobot2019/ros/build/CMakeFiles/CMakeTmp'
Makefile:126: recipe for target 'cmTC_cb9c0/fast' failed
make: *** [cmTC_cb9c0/fast] Error 2

File /home/toby/BipedRobot2019/ros/build/CMakeFiles/CMakeTmp/CheckSymbolExists.c:
/* */
#include <pthread.h>

int main(int argc, char** argv)
{
  (void)argv;
#ifndef pthread_create
  return ((int*)(&pthread_create))[argc];
#else
  (void)argc;
  return 0;
#endif
}

Determining if the function pthread_create exists in the pthreads failed with the following output:
Change Dir: /home/toby/BipedRobot2019/ros/build/CMakeFiles/CMakeTmp

Run Build Command:"/usr/bin/make" "cmTC_fbf66/fast"
/usr/bin/make -f CMakeFiles/cmTC_fbf66.dir/build.make CMakeFiles/cmTC_fbf66.dir/build
make[1]: Entering directory '/home/toby/BipedRobot2019/ros/build/CMakeFiles/CMakeTmp'
Building C object CMakeFiles/cmTC_fbf66.dir/CheckFunctionExists.c.o
/usr/bin/cc    -DCHECK_FUNCTION_EXISTS=pthread_create   -o CMakeFiles/cmTC_fbf66.dir/CheckFunctionExists.c.o   -c /usr/share/cmake-3.5/Modules/CheckFunctionExists.c
Linking C executable cmTC_fbf66
/usr/bin/cmake -E cmake_link_script CMakeFiles/cmTC_fbf66.dir/link.txt --verbose=1
/usr/bin/cc   -DCHECK_FUNCTION_EXISTS=pthread_create    CMakeFiles/cmTC_fbf66.dir/CheckFunctionExists.c.o  -o cmTC_fbf66 -rdynamic -lpthreads 
/usr/bin/ld: cannot find -lpthreads
collect2: error: ld returned 1 exit status
CMakeFiles/cmTC_fbf66.dir/build.make:97: recipe for target 'cmTC_fbf66' failed
make[1]: *** [cmTC_fbf66] Error 1
make[1]: Leaving directory '/home/toby/BipedRobot2019/ros/build/CMakeFiles/CMakeTmp'
Makefile:126: recipe for target 'cmTC_fbf66/fast' failed
make: *** [cmTC_fbf66/fast] Error 2


